1507177910953	geckodriver	INFO	geckodriver 0.19.0
1507177910959	geckodriver	INFO	Listening on 127.0.0.1:53157
1507177912289	mozrunner::runner	INFO	Running command: "/usr/bin/firefox" "-marionette" "-profile" "/tmp/rust_mozprofile.XsEX0zjeHMKr"
1507177915966	Marionette	INFO	Listening on port 35745
1507177916090	Marionette	WARN	TLS certificate errors will be ignored for this session
1507177937293	geckodriver	INFO	geckodriver 0.19.0
1507177937303	geckodriver	INFO	Listening on 127.0.0.1:54853
1507177938565	mozrunner::runner	INFO	Running command: "/usr/bin/firefox" "-marionette" "-profile" "/tmp/rust_mozprofile.yopwCrnVWMjl"
1507177942081	Marionette	INFO	Listening on port 43991
1507177942200	Marionette	WARN	TLS certificate errors will be ignored for this session
JavaScript error: resource://gre/components/nsUrlClassifierListManager.js, line 287: NS_ERROR_NOT_INITIALIZED: Component returned failure code: 0xc1f30001 (NS_ERROR_NOT_INITIALIZED) [nsIUrlClassifierDBService.getTables]
JavaScript error: resource://gre/components/nsUrlClassifierListManager.js, line 287: NS_ERROR_NOT_INITIALIZED: Component returned failure code: 0xc1f30001 (NS_ERROR_NOT_INITIALIZED) [nsIUrlClassifierDBService.getTables]
1507177948973	Marionette	INFO	Ceased listening
1507178372580	geckodriver	INFO	geckodriver 0.19.0
1507178372589	geckodriver	INFO	Listening on 127.0.0.1:56859
1507178373907	mozrunner::runner	INFO	Running command: "/usr/bin/firefox" "-marionette" "-profile" "/tmp/rust_mozprofile.vt2PIw9lqcPy"
1507178378031	Marionette	INFO	Listening on port 33683
1507178378155	Marionette	WARN	TLS certificate errors will be ignored for this session
1507178446960	geckodriver	INFO	geckodriver 0.19.0
1507178446968	geckodriver	INFO	Listening on 127.0.0.1:50445
1507178448258	mozrunner::runner	INFO	Running command: "/usr/bin/firefox" "-marionette" "-profile" "/tmp/rust_mozprofile.ewzE7qn1h2iE"
1507178452127	Marionette	INFO	Listening on port 39683
1507178452271	Marionette	WARN	TLS certificate errors will be ignored for this session
1507178492977	geckodriver	INFO	geckodriver 0.19.0
1507178492986	geckodriver	INFO	Listening on 127.0.0.1:43979
1507178494380	mozrunner::runner	INFO	Running command: "/usr/bin/firefox" "-marionette" "-profile" "/tmp/rust_mozprofile.MuvZHLn5yUci"
1507178498251	Marionette	INFO	Listening on port 40999
1507178498401	Marionette	WARN	TLS certificate errors will be ignored for this session
1507178525161	geckodriver	INFO	geckodriver 0.19.0
1507178525170	geckodriver	INFO	Listening on 127.0.0.1:60033
1507178526597	mozrunner::runner	INFO	Running command: "/usr/bin/firefox" "-marionette" "-profile" "/tmp/rust_mozprofile.4hh3s6QwDOWL"
1507178530450	Marionette	INFO	Listening on port 39981
1507178530629	Marionette	WARN	TLS certificate errors will be ignored for this session
JavaScript error: resource://gre/components/nsUrlClassifierListManager.js, line 287: NS_ERROR_NOT_INITIALIZED: Component returned failure code: 0xc1f30001 (NS_ERROR_NOT_INITIALIZED) [nsIUrlClassifierDBService.getTables]
JavaScript error: resource://gre/components/nsUrlClassifierListManager.js, line 287: NS_ERROR_NOT_INITIALIZED: Component returned failure code: 0xc1f30001 (NS_ERROR_NOT_INITIALIZED) [nsIUrlClassifierDBService.getTables]
1507178539691	Marionette	INFO	Ceased listening
1507416990855	geckodriver	INFO	geckodriver 0.19.0
1507416990866	geckodriver	INFO	Listening on 127.0.0.1:35591
1507416992426	mozrunner::runner	INFO	Running command: "/usr/bin/firefox" "-marionette" "-profile" "/tmp/rust_mozprofile.pFNQ6OxEiesK"
1507416996917	Marionette	INFO	Listening on port 38309
1507416997094	Marionette	WARN	TLS certificate errors will be ignored for this session
1507417044629	geckodriver	INFO	geckodriver 0.19.0
1507417044637	geckodriver	INFO	Listening on 127.0.0.1:51035
1507417046036	mozrunner::runner	INFO	Running command: "/usr/bin/firefox" "-marionette" "-profile" "/tmp/rust_mozprofile.KEX5OXD3Pj0j"
1507417050020	Marionette	INFO	Listening on port 43507
1507417050152	Marionette	WARN	TLS certificate errors will be ignored for this session
1507417095013	geckodriver	INFO	geckodriver 0.19.0
1507417095021	geckodriver	INFO	Listening on 127.0.0.1:42423
1507417096315	mozrunner::runner	INFO	Running command: "/usr/bin/firefox" "-marionette" "-profile" "/tmp/rust_mozprofile.aRaa37a7Jnct"
1507417100100	Marionette	INFO	Listening on port 41741
1507417100274	Marionette	WARN	TLS certificate errors will be ignored for this session
1507417123029	geckodriver	INFO	geckodriver 0.19.0
1507417123036	geckodriver	INFO	Listening on 127.0.0.1:39421
1507417124369	mozrunner::runner	INFO	Running command: "/usr/bin/firefox" "-marionette" "-profile" "/tmp/rust_mozprofile.qA3RKCmBSfOo"
1507417128158	Marionette	INFO	Listening on port 39999
1507417128310	Marionette	WARN	TLS certificate errors will be ignored for this session
1507417173996	geckodriver	INFO	geckodriver 0.19.0
1507417174006	geckodriver	INFO	Listening on 127.0.0.1:51819
1507417175285	mozrunner::runner	INFO	Running command: "/usr/bin/firefox" "-marionette" "-profile" "/tmp/rust_mozprofile.VDAVsUPAfh0z"
1507417179081	Marionette	INFO	Listening on port 36087
1507417179218	Marionette	WARN	TLS certificate errors will be ignored for this session
1507417181418	geckodriver	INFO	geckodriver 0.19.0
1507417181426	geckodriver	INFO	Listening on 127.0.0.1:35651
1507417182695	mozrunner::runner	INFO	Running command: "/usr/bin/firefox" "-marionette" "-profile" "/tmp/rust_mozprofile.S1RRia7t5SvB"
1507417186322	Marionette	INFO	Listening on port 43021
1507417186455	Marionette	WARN	TLS certificate errors will be ignored for this session
1507417801160	geckodriver	INFO	geckodriver 0.19.0
1507417801169	geckodriver	INFO	Listening on 127.0.0.1:53831
1507417802529	mozrunner::runner	INFO	Running command: "/usr/bin/firefox" "-marionette" "-profile" "/tmp/rust_mozprofile.xWUxbcn2yw5t"
1507417806246	Marionette	INFO	Listening on port 36241
1507417806399	Marionette	WARN	TLS certificate errors will be ignored for this session
1507417808568	geckodriver	INFO	geckodriver 0.19.0
1507417808576	geckodriver	INFO	Listening on 127.0.0.1:55009
1507417809884	mozrunner::runner	INFO	Running command: "/usr/bin/firefox" "-marionette" "-profile" "/tmp/rust_mozprofile.doSGeqVjztcx"
1507417813462	Marionette	INFO	Listening on port 46863
1507417813578	Marionette	WARN	TLS certificate errors will be ignored for this session
1507417845835	geckodriver	INFO	geckodriver 0.19.0
1507417845842	geckodriver	INFO	Listening on 127.0.0.1:44933
1507417847119	mozrunner::runner	INFO	Running command: "/usr/bin/firefox" "-marionette" "-profile" "/tmp/rust_mozprofile.KISnmePUZFRC"
1507417850988	Marionette	INFO	Listening on port 43581
1507417851120	Marionette	WARN	TLS certificate errors will be ignored for this session
1507417853227	geckodriver	INFO	geckodriver 0.19.0
1507417853236	geckodriver	INFO	Listening on 127.0.0.1:38383
1507417854534	mozrunner::runner	INFO	Running command: "/usr/bin/firefox" "-marionette" "-profile" "/tmp/rust_mozprofile.4FhR75z5L8r0"
1507417858157	Marionette	INFO	Listening on port 40085
1507417858280	Marionette	WARN	TLS certificate errors will be ignored for this session
1507417886155	geckodriver	INFO	geckodriver 0.19.0
1507417886164	geckodriver	INFO	Listening on 127.0.0.1:44207
1507417887440	mozrunner::runner	INFO	Running command: "/usr/bin/firefox" "-marionette" "-profile" "/tmp/rust_mozprofile.7KN2aKSgOs6Q"
1507417891343	Marionette	INFO	Listening on port 37215
1507417891478	Marionette	WARN	TLS certificate errors will be ignored for this session
1507417893759	geckodriver	INFO	geckodriver 0.19.0
1507417893766	geckodriver	INFO	Listening on 127.0.0.1:59975
1507417895034	mozrunner::runner	INFO	Running command: "/usr/bin/firefox" "-marionette" "-profile" "/tmp/rust_mozprofile.ZRCNp0zP6wwp"
1507417898698	Marionette	INFO	Listening on port 44705
1507417898801	Marionette	WARN	TLS certificate errors will be ignored for this session
